{"C:\\Users\\yagol\\Documents\\projects\\gig-address-book\\src\\services\\contacts.service.ts": {"path":"C:\\Users\\yagol\\Documents\\projects\\gig-address-book\\src\\services\\contacts.service.ts","statementMap":{"0":{"start":{"line":4,"column":15},"end":{"line":4,"column":39}},"1":{"start":{"line":6,"column":15},"end":{"line":6,"column":39}},"2":{"start":{"line":8,"column":18},"end":{"line":8,"column":45}},"3":{"start":{"line":10,"column":16},"end":{"line":10,"column":41}},"4":{"start":{"line":16,"column":0},"end":{"line":149,"column":0}},"5":{"start":{"line":56,"column":2},"end":{"line":65,"column":4}},"6":{"start":{"line":57,"column":17},"end":{"line":57,"column":23}},"7":{"start":{"line":58,"column":4},"end":{"line":64,"column":5}},"8":{"start":{"line":59,"column":6},"end":{"line":59,"column":41}},"9":{"start":{"line":60,"column":6},"end":{"line":60,"column":36}},"10":{"start":{"line":61,"column":6},"end":{"line":61,"column":18}},"11":{"start":{"line":63,"column":6},"end":{"line":63,"column":19}},"12":{"start":{"line":32,"column":2},"end":{"line":39,"column":3}},"13":{"start":{"line":33,"column":4},"end":{"line":38,"column":5}},"14":{"start":{"line":67,"column":2},"end":{"line":69,"column":3}},"15":{"start":{"line":68,"column":4},"end":{"line":68,"column":25}},"16":{"start":{"line":71,"column":2},"end":{"line":73,"column":3}},"17":{"start":{"line":72,"column":4},"end":{"line":72,"column":69}},"18":{"start":{"line":75,"column":2},"end":{"line":85,"column":3}},"19":{"start":{"line":76,"column":4},"end":{"line":81,"column":6}},"20":{"start":{"line":82,"column":4},"end":{"line":82,"column":48}},"21":{"start":{"line":83,"column":4},"end":{"line":83,"column":30}},"22":{"start":{"line":84,"column":4},"end":{"line":84,"column":24}},"23":{"start":{"line":87,"column":2},"end":{"line":90,"column":3}},"24":{"start":{"line":88,"column":4},"end":{"line":88,"column":36}},"25":{"start":{"line":89,"column":4},"end":{"line":89,"column":24}},"26":{"start":{"line":92,"column":2},"end":{"line":106,"column":3}},"27":{"start":{"line":93,"column":28},"end":{"line":93,"column":70}},"28":{"start":{"line":94,"column":23},"end":{"line":94,"column":53}},"29":{"start":{"line":95,"column":4},"end":{"line":105,"column":5}},"30":{"start":{"line":96,"column":6},"end":{"line":96,"column":19}},"31":{"start":{"line":98,"column":6},"end":{"line":98,"column":86}},"32":{"start":{"line":99,"column":6},"end":{"line":99,"column":84}},"33":{"start":{"line":100,"column":6},"end":{"line":100,"column":39}},"34":{"start":{"line":101,"column":6},"end":{"line":101,"column":43}},"35":{"start":{"line":102,"column":6},"end":{"line":102,"column":32}},"36":{"start":{"line":103,"column":6},"end":{"line":103,"column":26}},"37":{"start":{"line":104,"column":6},"end":{"line":104,"column":18}},"38":{"start":{"line":132,"column":2},"end":{"line":134,"column":3}},"39":{"start":{"line":133,"column":4},"end":{"line":133,"column":54}},"40":{"start":{"line":136,"column":9},"end":{"line":138,"column":3}},"41":{"start":{"line":137,"column":4},"end":{"line":137,"column":76}},"42":{"start":{"line":140,"column":2},"end":{"line":143,"column":3}},"43":{"start":{"line":141,"column":4},"end":{"line":141,"column":38}},"44":{"start":{"line":142,"column":4},"end":{"line":142,"column":33}},"45":{"start":{"line":145,"column":9},"end":{"line":147,"column":3}},"46":{"start":{"line":146,"column":4},"end":{"line":146,"column":51}},"47":{"start":{"line":149,"column":0},"end":{"line":149,"column":1}},"48":{"start":{"line":16,"column":13},"end":{"line":16,"column":28}}},"fnMap":{"0":{"name":"(anonymous_1)","decl":{"start":{"line":16,"column":0},"end":{"line":null,"column":-1}},"loc":{"start":{"line":16,"column":0},"end":{"line":16,"column":-1}}},"1":{"name":"ContactsService","decl":{"start":{"line":20,"column":2},"end":{"line":null,"column":-1}},"loc":{"start":{"line":20,"column":2},"end":{"line":27,"column":3}}},"2":{"name":"(anonymous_3)","decl":{"start":{"line":56,"column":28},"end":{"line":null,"column":-1}},"loc":{"start":{"line":56,"column":28},"end":{"line":65,"column":3}}},"3":{"name":"(anonymous_4)","decl":{"start":{"line":32,"column":2},"end":{"line":null,"column":-1}},"loc":{"start":{"line":32,"column":2},"end":{"line":39,"column":3}}},"4":{"name":"(anonymous_5)","decl":{"start":{"line":67,"column":2},"end":{"line":null,"column":-1}},"loc":{"start":{"line":67,"column":2},"end":{"line":69,"column":3}}},"5":{"name":"(anonymous_6)","decl":{"start":{"line":71,"column":2},"end":{"line":null,"column":-1}},"loc":{"start":{"line":71,"column":2},"end":{"line":73,"column":3}}},"6":{"name":"(anonymous_7)","decl":{"start":{"line":75,"column":2},"end":{"line":75,"column":5}},"loc":{"start":{"line":75,"column":22},"end":{"line":85,"column":3}}},"7":{"name":"(anonymous_8)","decl":{"start":{"line":87,"column":2},"end":{"line":87,"column":8}},"loc":{"start":{"line":87,"column":28},"end":{"line":90,"column":3}}},"8":{"name":"(anonymous_9)","decl":{"start":{"line":92,"column":2},"end":{"line":92,"column":8}},"loc":{"start":{"line":92,"column":25},"end":{"line":106,"column":3}}},"9":{"name":"(anonymous_10)","decl":{"start":{"line":132,"column":2},"end":{"line":null,"column":-1}},"loc":{"start":{"line":132,"column":2},"end":{"line":134,"column":3}}},"10":{"name":"(anonymous_11)","decl":{"start":{"line":136,"column":2},"end":{"line":136,"column":30}},"loc":{"start":{"line":136,"column":43},"end":{"line":138,"column":3}}},"11":{"name":"(anonymous_12)","decl":{"start":{"line":140,"column":2},"end":{"line":null,"column":-1}},"loc":{"start":{"line":140,"column":2},"end":{"line":143,"column":3}}},"12":{"name":"(anonymous_13)","decl":{"start":{"line":145,"column":2},"end":{"line":null,"column":-1}},"loc":{"start":{"line":145,"column":2},"end":{"line":147,"column":3}}}},"branchMap":{"0":{"loc":{"start":{"line":95,"column":4},"end":{"line":105,"column":5}},"type":"if","locations":[{"start":{"line":95,"column":4},"end":{"line":105,"column":5}},{"start":{"line":95,"column":4},"end":{"line":105,"column":5}}]},"1":{"loc":{"start":{"line":133,"column":11},"end":{"line":133,"column":24}},"type":"binary-expr","locations":[{"start":{"line":133,"column":11},"end":{"line":133,"column":24}},{"start":{"line":133,"column":28},"end":{"line":133,"column":53}}]}},"s":{"0":2,"1":2,"2":2,"3":2,"4":2,"5":14,"6":15,"7":15,"8":15,"9":15,"10":15,"11":0,"12":2,"13":14,"14":2,"15":23,"16":2,"17":5,"18":2,"19":1,"20":1,"21":1,"22":1,"23":2,"24":2,"25":2,"26":2,"27":2,"28":2,"29":2,"30":1,"31":1,"32":1,"33":1,"34":1,"35":1,"36":1,"37":1,"38":2,"39":1,"40":2,"41":5,"42":2,"43":4,"44":4,"45":2,"46":3,"47":2,"48":2},"f":{"0":2,"1":14,"2":15,"3":14,"4":23,"5":5,"6":1,"7":2,"8":2,"9":1,"10":5,"11":4,"12":3},"b":{"0":[1,1],"1":[1,1]}}
,"C:\\Users\\yagol\\Documents\\projects\\gig-address-book\\src\\validators\\duplicatedEmail.validator.ts": {"path":"C:\\Users\\yagol\\Documents\\projects\\gig-address-book\\src\\validators\\duplicatedEmail.validator.ts","statementMap":{"0":{"start":{"line":4,"column":18},"end":{"line":4,"column":45}},"1":{"start":{"line":7,"column":23},"end":{"line":9,"column":4}},"2":{"start":{"line":8,"column":4},"end":{"line":8,"column":34}},"3":{"start":{"line":10,"column":2},"end":{"line":10,"column":27}},"4":{"start":{"line":6,"column":0},"end":{"line":11,"column":1}},"5":{"start":{"line":14,"column":0},"end":{"line":21,"column":1}}},"fnMap":{"0":{"name":"isDuplicatedEmail","decl":{"start":{"line":6,"column":0},"end":{"line":6,"column":33}},"loc":{"start":{"line":6,"column":68},"end":{"line":11,"column":1}}},"1":{"name":"(anonymous_1)","decl":{"start":{"line":7,"column":43},"end":{"line":7,"column":42}},"loc":{"start":{"line":7,"column":50},"end":{"line":9,"column":3}}}},"branchMap":{},"s":{"0":1,"1":2,"2":5,"3":2,"4":1,"5":1},"f":{"0":2,"1":5},"b":{}}
}
