{"C:\\Users\\yagol\\Documents\\projects\\gig-address-book\\src\\services\\contacts.service.ts": {"path":"C:\\Users\\yagol\\Documents\\projects\\gig-address-book\\src\\services\\contacts.service.ts","statementMap":{"0":{"start":{"line":4,"column":15},"end":{"line":4,"column":39}},"1":{"start":{"line":6,"column":15},"end":{"line":6,"column":39}},"2":{"start":{"line":8,"column":18},"end":{"line":8,"column":45}},"3":{"start":{"line":10,"column":16},"end":{"line":10,"column":41}},"4":{"start":{"line":16,"column":0},"end":{"line":146,"column":0}},"5":{"start":{"line":55,"column":2},"end":{"line":64,"column":4}},"6":{"start":{"line":56,"column":17},"end":{"line":56,"column":23}},"7":{"start":{"line":57,"column":4},"end":{"line":63,"column":5}},"8":{"start":{"line":58,"column":6},"end":{"line":58,"column":41}},"9":{"start":{"line":59,"column":6},"end":{"line":59,"column":36}},"10":{"start":{"line":60,"column":6},"end":{"line":60,"column":18}},"11":{"start":{"line":62,"column":6},"end":{"line":62,"column":19}},"12":{"start":{"line":32,"column":2},"end":{"line":39,"column":3}},"13":{"start":{"line":33,"column":4},"end":{"line":38,"column":5}},"14":{"start":{"line":44,"column":2},"end":{"line":49,"column":3}},"15":{"start":{"line":45,"column":33},"end":{"line":45,"column":65}},"16":{"start":{"line":46,"column":4},"end":{"line":48,"column":5}},"17":{"start":{"line":47,"column":6},"end":{"line":47,"column":80}},"18":{"start":{"line":66,"column":2},"end":{"line":68,"column":3}},"19":{"start":{"line":67,"column":4},"end":{"line":67,"column":25}},"20":{"start":{"line":70,"column":2},"end":{"line":72,"column":3}},"21":{"start":{"line":71,"column":4},"end":{"line":71,"column":69}},"22":{"start":{"line":74,"column":2},"end":{"line":84,"column":3}},"23":{"start":{"line":75,"column":4},"end":{"line":80,"column":6}},"24":{"start":{"line":81,"column":4},"end":{"line":81,"column":48}},"25":{"start":{"line":82,"column":4},"end":{"line":82,"column":30}},"26":{"start":{"line":83,"column":4},"end":{"line":83,"column":24}},"27":{"start":{"line":86,"column":2},"end":{"line":89,"column":3}},"28":{"start":{"line":87,"column":4},"end":{"line":87,"column":36}},"29":{"start":{"line":88,"column":4},"end":{"line":88,"column":24}},"30":{"start":{"line":91,"column":2},"end":{"line":105,"column":3}},"31":{"start":{"line":92,"column":28},"end":{"line":92,"column":70}},"32":{"start":{"line":93,"column":23},"end":{"line":93,"column":53}},"33":{"start":{"line":94,"column":4},"end":{"line":104,"column":5}},"34":{"start":{"line":95,"column":6},"end":{"line":95,"column":19}},"35":{"start":{"line":97,"column":6},"end":{"line":97,"column":86}},"36":{"start":{"line":98,"column":6},"end":{"line":98,"column":84}},"37":{"start":{"line":99,"column":6},"end":{"line":99,"column":39}},"38":{"start":{"line":100,"column":6},"end":{"line":100,"column":43}},"39":{"start":{"line":101,"column":6},"end":{"line":101,"column":32}},"40":{"start":{"line":102,"column":6},"end":{"line":102,"column":26}},"41":{"start":{"line":103,"column":6},"end":{"line":103,"column":18}},"42":{"start":{"line":110,"column":2},"end":{"line":114,"column":3}},"43":{"start":{"line":111,"column":4},"end":{"line":113,"column":5}},"44":{"start":{"line":112,"column":6},"end":{"line":112,"column":70}},"45":{"start":{"line":119,"column":2},"end":{"line":127,"column":3}},"46":{"start":{"line":120,"column":4},"end":{"line":125,"column":5}},"47":{"start":{"line":121,"column":6},"end":{"line":121,"column":31}},"48":{"start":{"line":122,"column":6},"end":{"line":122,"column":27}},"49":{"start":{"line":124,"column":6},"end":{"line":124,"column":18}},"50":{"start":{"line":126,"column":4},"end":{"line":126,"column":24}},"51":{"start":{"line":129,"column":2},"end":{"line":131,"column":3}},"52":{"start":{"line":130,"column":4},"end":{"line":130,"column":54}},"53":{"start":{"line":133,"column":9},"end":{"line":135,"column":3}},"54":{"start":{"line":134,"column":4},"end":{"line":134,"column":76}},"55":{"start":{"line":137,"column":2},"end":{"line":140,"column":3}},"56":{"start":{"line":138,"column":4},"end":{"line":138,"column":38}},"57":{"start":{"line":139,"column":4},"end":{"line":139,"column":33}},"58":{"start":{"line":142,"column":9},"end":{"line":144,"column":3}},"59":{"start":{"line":143,"column":4},"end":{"line":143,"column":51}},"60":{"start":{"line":146,"column":0},"end":{"line":146,"column":1}},"61":{"start":{"line":16,"column":13},"end":{"line":16,"column":28}}},"fnMap":{"0":{"name":"(anonymous_1)","decl":{"start":{"line":16,"column":0},"end":{"line":null,"column":-1}},"loc":{"start":{"line":16,"column":0},"end":{"line":16,"column":-1}}},"1":{"name":"ContactsService","decl":{"start":{"line":20,"column":2},"end":{"line":null,"column":-1}},"loc":{"start":{"line":20,"column":2},"end":{"line":27,"column":3}}},"2":{"name":"(anonymous_3)","decl":{"start":{"line":55,"column":28},"end":{"line":null,"column":-1}},"loc":{"start":{"line":55,"column":28},"end":{"line":64,"column":3}}},"3":{"name":"(anonymous_4)","decl":{"start":{"line":32,"column":2},"end":{"line":null,"column":-1}},"loc":{"start":{"line":32,"column":2},"end":{"line":39,"column":3}}},"4":{"name":"(anonymous_5)","decl":{"start":{"line":44,"column":2},"end":{"line":null,"column":-1}},"loc":{"start":{"line":44,"column":2},"end":{"line":49,"column":3}}},"5":{"name":"(anonymous_6)","decl":{"start":{"line":66,"column":2},"end":{"line":null,"column":-1}},"loc":{"start":{"line":66,"column":2},"end":{"line":68,"column":3}}},"6":{"name":"(anonymous_7)","decl":{"start":{"line":70,"column":2},"end":{"line":null,"column":-1}},"loc":{"start":{"line":70,"column":2},"end":{"line":72,"column":3}}},"7":{"name":"(anonymous_8)","decl":{"start":{"line":74,"column":2},"end":{"line":74,"column":5}},"loc":{"start":{"line":74,"column":22},"end":{"line":84,"column":3}}},"8":{"name":"(anonymous_9)","decl":{"start":{"line":86,"column":2},"end":{"line":86,"column":8}},"loc":{"start":{"line":86,"column":28},"end":{"line":89,"column":3}}},"9":{"name":"(anonymous_10)","decl":{"start":{"line":91,"column":2},"end":{"line":91,"column":8}},"loc":{"start":{"line":91,"column":25},"end":{"line":105,"column":3}}},"10":{"name":"(anonymous_11)","decl":{"start":{"line":110,"column":2},"end":{"line":null,"column":-1}},"loc":{"start":{"line":110,"column":2},"end":{"line":114,"column":3}}},"11":{"name":"(anonymous_12)","decl":{"start":{"line":119,"column":2},"end":{"line":null,"column":-1}},"loc":{"start":{"line":119,"column":2},"end":{"line":127,"column":3}}},"12":{"name":"(anonymous_13)","decl":{"start":{"line":129,"column":2},"end":{"line":null,"column":-1}},"loc":{"start":{"line":129,"column":2},"end":{"line":131,"column":3}}},"13":{"name":"(anonymous_14)","decl":{"start":{"line":133,"column":2},"end":{"line":133,"column":30}},"loc":{"start":{"line":133,"column":43},"end":{"line":135,"column":3}}},"14":{"name":"(anonymous_15)","decl":{"start":{"line":137,"column":2},"end":{"line":null,"column":-1}},"loc":{"start":{"line":137,"column":2},"end":{"line":140,"column":3}}},"15":{"name":"(anonymous_16)","decl":{"start":{"line":142,"column":2},"end":{"line":null,"column":-1}},"loc":{"start":{"line":142,"column":2},"end":{"line":144,"column":3}}}},"branchMap":{"0":{"loc":{"start":{"line":46,"column":4},"end":{"line":48,"column":5}},"type":"if","locations":[{"start":{"line":46,"column":4},"end":{"line":48,"column":5}},{"start":{"line":46,"column":4},"end":{"line":48,"column":5}}]},"1":{"loc":{"start":{"line":94,"column":4},"end":{"line":104,"column":5}},"type":"if","locations":[{"start":{"line":94,"column":4},"end":{"line":104,"column":5}},{"start":{"line":94,"column":4},"end":{"line":104,"column":5}}]},"2":{"loc":{"start":{"line":111,"column":4},"end":{"line":113,"column":5}},"type":"if","locations":[{"start":{"line":111,"column":4},"end":{"line":113,"column":5}},{"start":{"line":111,"column":4},"end":{"line":113,"column":5}}]},"3":{"loc":{"start":{"line":130,"column":11},"end":{"line":130,"column":24}},"type":"binary-expr","locations":[{"start":{"line":130,"column":11},"end":{"line":130,"column":24}},{"start":{"line":130,"column":28},"end":{"line":130,"column":53}}]}},"s":{"0":2,"1":2,"2":2,"3":2,"4":2,"5":17,"6":18,"7":18,"8":18,"9":18,"10":18,"11":0,"12":2,"13":17,"14":2,"15":1,"16":1,"17":1,"18":2,"19":31,"20":2,"21":6,"22":2,"23":2,"24":2,"25":2,"26":2,"27":2,"28":2,"29":2,"30":2,"31":2,"32":2,"33":2,"34":1,"35":1,"36":1,"37":1,"38":1,"39":1,"40":1,"41":1,"42":2,"43":2,"44":2,"45":2,"46":2,"47":2,"48":2,"49":0,"50":2,"51":2,"52":1,"53":2,"54":7,"55":2,"56":7,"57":7,"58":2,"59":4,"60":2,"61":2},"f":{"0":2,"1":17,"2":18,"3":17,"4":1,"5":31,"6":6,"7":2,"8":2,"9":2,"10":2,"11":2,"12":1,"13":7,"14":7,"15":4},"b":{"0":[1,0],"1":[1,1],"2":[2,0],"3":[1,1]}}
,"C:\\Users\\yagol\\Documents\\projects\\gig-address-book\\src\\validators\\duplicatedEmail.validator.ts": {"path":"C:\\Users\\yagol\\Documents\\projects\\gig-address-book\\src\\validators\\duplicatedEmail.validator.ts","statementMap":{"0":{"start":{"line":4,"column":18},"end":{"line":4,"column":45}},"1":{"start":{"line":7,"column":23},"end":{"line":9,"column":4}},"2":{"start":{"line":8,"column":4},"end":{"line":8,"column":34}},"3":{"start":{"line":10,"column":2},"end":{"line":10,"column":27}},"4":{"start":{"line":6,"column":0},"end":{"line":11,"column":1}},"5":{"start":{"line":14,"column":0},"end":{"line":21,"column":1}}},"fnMap":{"0":{"name":"isDuplicatedEmail","decl":{"start":{"line":6,"column":0},"end":{"line":6,"column":33}},"loc":{"start":{"line":6,"column":68},"end":{"line":11,"column":1}}},"1":{"name":"(anonymous_1)","decl":{"start":{"line":7,"column":43},"end":{"line":7,"column":42}},"loc":{"start":{"line":7,"column":50},"end":{"line":9,"column":3}}}},"branchMap":{},"s":{"0":1,"1":2,"2":5,"3":2,"4":1,"5":1},"f":{"0":2,"1":5},"b":{}}
}
