TN:
SF:C:\Users\yagol\Documents\projects\gig-address-book\src\services\contacts.service.ts
FN:21,(anonymous_1)
FN:25,ContactsService
FN:56,(anonymous_3)
FN:36,(anonymous_4)
FN:48,(anonymous_5)
FN:67,(anonymous_6)
FN:71,(anonymous_7)
FN:75,(anonymous_8)
FN:87,(anonymous_9)
FN:96,(anonymous_10)
FN:116,(anonymous_11)
FN:130,(anonymous_12)
FN:140,(anonymous_13)
FN:144,(anonymous_14)
FN:148,(anonymous_15)
FN:153,(anonymous_16)
FNF:16
FNH:13
FNDA:1,(anonymous_1)
FNDA:10,ContactsService
FNDA:11,(anonymous_3)
FNDA:10,(anonymous_4)
FNDA:0,(anonymous_5)
FNDA:17,(anonymous_6)
FNDA:4,(anonymous_7)
FNDA:1,(anonymous_8)
FNDA:1,(anonymous_9)
FNDA:1,(anonymous_10)
FNDA:0,(anonymous_11)
FNDA:0,(anonymous_12)
FNDA:1,(anonymous_13)
FNDA:5,(anonymous_14)
FNDA:3,(anonymous_15)
FNDA:3,(anonymous_16)
DA:9,1
DA:11,1
DA:13,1
DA:15,1
DA:21,1
DA:26,10
DA:27,0
DA:28,0
DA:29,0
DA:36,1
DA:37,10
DA:48,1
DA:49,0
DA:56,10
DA:57,11
DA:58,11
DA:59,11
DA:60,11
DA:61,11
DA:63,0
DA:67,1
DA:68,17
DA:71,1
DA:72,4
DA:75,1
DA:76,1
DA:82,1
DA:83,1
DA:84,1
DA:87,1
DA:88,1
DA:89,1
DA:91,0
DA:93,1
DA:96,1
DA:97,1
DA:98,1
DA:99,1
DA:100,0
DA:101,0
DA:103,1
DA:104,1
DA:105,1
DA:106,1
DA:107,1
DA:108,1
DA:109,1
DA:116,1
DA:117,0
DA:118,0
DA:130,1
DA:131,0
DA:132,0
DA:133,0
DA:135,0
DA:137,0
DA:140,1
DA:141,1
DA:144,1
DA:145,5
DA:148,1
DA:149,3
DA:150,3
DA:153,1
DA:154,3
DA:156,1
LF:66
LH:51
BRDA:26,0,0,0
BRDA:26,0,1,10
BRDA:99,1,0,0
BRDA:99,1,1,1
BRDA:117,2,0,0
BRDA:117,2,1,0
BRDA:141,3,0,1
BRDA:141,3,1,1
BRF:8
BRH:4
end_of_record
