TN:
SF:C:\Users\yagol\Documents\projects\gig-address-book\src\services\contacts.service.ts
FN:17,(anonymous_1)
FN:21,ContactsService
FN:57,(anonymous_3)
FN:33,(anonymous_4)
FN:68,(anonymous_5)
FN:72,(anonymous_6)
FN:76,(anonymous_7)
FN:88,(anonymous_8)
FN:97,(anonymous_9)
FN:139,(anonymous_10)
FN:143,(anonymous_11)
FN:147,(anonymous_12)
FN:152,(anonymous_13)
FNF:13
FNH:13
FNDA:2,(anonymous_1)
FNDA:13,ContactsService
FNDA:14,(anonymous_3)
FNDA:13,(anonymous_4)
FNDA:21,(anonymous_5)
FNDA:5,(anonymous_6)
FNDA:1,(anonymous_7)
FNDA:1,(anonymous_8)
FNDA:2,(anonymous_9)
FNDA:1,(anonymous_10)
FNDA:5,(anonymous_11)
FNDA:3,(anonymous_12)
FNDA:3,(anonymous_13)
DA:4,2
DA:6,2
DA:8,2
DA:10,2
DA:17,2
DA:33,2
DA:34,13
DA:57,13
DA:58,14
DA:59,14
DA:60,14
DA:61,14
DA:62,14
DA:64,0
DA:68,2
DA:69,21
DA:72,2
DA:73,5
DA:76,2
DA:77,1
DA:83,1
DA:84,1
DA:85,1
DA:88,2
DA:89,1
DA:90,1
DA:92,0
DA:94,1
DA:97,2
DA:98,2
DA:99,2
DA:100,2
DA:101,1
DA:102,1
DA:104,1
DA:105,1
DA:106,1
DA:107,1
DA:108,1
DA:109,1
DA:110,1
DA:139,2
DA:140,1
DA:143,2
DA:144,5
DA:147,2
DA:148,3
DA:149,3
DA:152,2
DA:153,3
DA:156,2
LF:51
LH:49
BRDA:100,0,0,1
BRDA:100,0,1,1
BRDA:140,1,0,1
BRDA:140,1,1,1
BRF:4
BRH:4
end_of_record
TN:
SF:C:\Users\yagol\Documents\projects\gig-address-book\src\validators\duplicatedEmail.validator.ts
FN:6,isDuplicatedEmail
FN:7,(anonymous_1)
FNF:2
FNH:2
FNDA:2,isDuplicatedEmail
FNDA:5,(anonymous_1)
DA:4,1
DA:6,1
DA:7,2
DA:8,5
DA:10,2
DA:14,1
LF:6
LH:6
BRF:0
BRH:0
end_of_record
